<?xml version="1.0" encoding="UTF-8"?>
<!-- Generated by org.testng.reporters.JUnitReportReporter -->
<testsuite skipped="0" hostname="ATMECSINLT-184" name="com.atmecs.konakart.testscript.TestHomePage" tests="4" failures="0" timestamp="12 Apr 2021 13:25:26 GMT" time="13.193" errors="0">
  <testcase name="clickImage" time="4.357" classname="com.atmecs.konakart.testscript.TestHomePage"/>
  <testcase name="validateHeaders" time="8.069" classname="com.atmecs.konakart.testscript.TestHomePage"/>
  <testcase name="validateHeaders" time="0.537" classname="com.atmecs.konakart.testscript.TestHomePage"/>
  <testcase name="validateHeaders" time="0.230" classname="com.atmecs.konakart.testscript.TestHomePage"/>
</testsuite> <!-- com.atmecs.konakart.testscript.TestHomePage -->
