<?xml version="1.0" encoding="UTF-8"?>
<!-- Generated by org.testng.reporters.JUnitReportReporter -->
<testsuite skipped="1" hostname="ATMECSINLT-184" name="com.atmecs.konakart.testscript.Annotation" tests="1" failures="0" timestamp="14 Apr 2021 07:37:33 GMT" time="0.000" errors="0">
  <testcase name="testing1" time="0.000" classname="com.atmecs.konakart.testscript.Annotation">
    <skipped/>
  </testcase> <!-- testing1 -->
</testsuite> <!-- com.atmecs.konakart.testscript.Annotation -->
