<?xml version="1.0" encoding="UTF-8"?>
<!-- Generated by org.testng.reporters.JUnitReportReporter -->
<testsuite skipped="0" hostname="ATMECSINLT-184" name="com.atmecs.konakart.testscript.TestKonaKart" tests="4" failures="0" timestamp="12 Apr 2021 13:37:16 GMT" time="15.142" errors="0">
  <testcase name="clickImage" time="2.130" classname="com.atmecs.konakart.testscript.TestKonaKart"/>
  <testcase name="validateHeaders" time="9.447" classname="com.atmecs.konakart.testscript.TestKonaKart"/>
  <testcase name="validateHeaders" time="3.242" classname="com.atmecs.konakart.testscript.TestKonaKart"/>
  <testcase name="validateHeaders" time="0.323" classname="com.atmecs.konakart.testscript.TestKonaKart"/>
</testsuite> <!-- com.atmecs.konakart.testscript.TestKonaKart -->
