<?xml version="1.0" encoding="UTF-8"?>
<!-- Generated by org.testng.reporters.JUnitReportReporter -->
<testsuite skipped="0" hostname="ATMECSINLT-184" name="com.atmecs.frameworkForTraining.testscript.TestHomePage" tests="9" failures="0" timestamp="07 Apr 2021 07:57:00 GMT" time="1.772" errors="0">
  <testcase name="validateHeader" time="0.361" classname="com.atmecs.frameworkForTraining.testscript.TestHomePage"/>
  <testcase name="validateHeader" time="0.165" classname="com.atmecs.frameworkForTraining.testscript.TestHomePage"/>
  <testcase name="validateHeader" time="0.165" classname="com.atmecs.frameworkForTraining.testscript.TestHomePage"/>
  <testcase name="validateHeader" time="0.220" classname="com.atmecs.frameworkForTraining.testscript.TestHomePage"/>
  <testcase name="validateHeader" time="0.146" classname="com.atmecs.frameworkForTraining.testscript.TestHomePage"/>
  <testcase name="validateHeader" time="0.189" classname="com.atmecs.frameworkForTraining.testscript.TestHomePage"/>
  <testcase name="validateHeader" time="0.210" classname="com.atmecs.frameworkForTraining.testscript.TestHomePage"/>
  <testcase name="validateHeader" time="0.165" classname="com.atmecs.frameworkForTraining.testscript.TestHomePage"/>
  <testcase name="validateHeader" time="0.151" classname="com.atmecs.frameworkForTraining.testscript.TestHomePage"/>
</testsuite> <!-- com.atmecs.frameworkForTraining.testscript.TestHomePage -->
