<?xml version="1.0" encoding="UTF-8"?>
<!-- Generated by org.testng.reporters.JUnitReportReporter -->
<testsuite skipped="0" hostname="ATMECSINLT-184" name="com.atmecs.demoProject.testscript.TestHomePage" tests="9" failures="0" timestamp="07 Apr 2021 13:45:05 GMT" time="2.210" errors="0">
  <testcase name="validateHeader" time="0.342" classname="com.atmecs.demoProject.testscript.TestHomePage"/>
  <testcase name="validateHeader" time="0.349" classname="com.atmecs.demoProject.testscript.TestHomePage"/>
  <testcase name="validateHeader" time="0.106" classname="com.atmecs.demoProject.testscript.TestHomePage"/>
  <testcase name="validateHeader" time="0.250" classname="com.atmecs.demoProject.testscript.TestHomePage"/>
  <testcase name="validateHeader" time="0.251" classname="com.atmecs.demoProject.testscript.TestHomePage"/>
  <testcase name="validateHeader" time="0.142" classname="com.atmecs.demoProject.testscript.TestHomePage"/>
  <testcase name="validateHeader" time="0.349" classname="com.atmecs.demoProject.testscript.TestHomePage"/>
  <testcase name="validateHeader" time="0.109" classname="com.atmecs.demoProject.testscript.TestHomePage"/>
  <testcase name="validateHeader" time="0.312" classname="com.atmecs.demoProject.testscript.TestHomePage"/>
</testsuite> <!-- com.atmecs.demoProject.testscript.TestHomePage -->
